<?xml version="1.0" encoding="UTF-8"?>
<testng-results ignored="0" total="6" passed="6" failed="0" skipped="0">
  <reporter-output>
  </reporter-output>
  <suite started-at="2025-04-02T21:46:04 IST" name="Default suite" finished-at="2025-04-02T21:47:00 IST" duration-ms="56643">
    <groups>
      <group name="cucumber">
        <method signature="AbstractTestNGCucumberTests.runScenario(io.cucumber.testng.PickleWrapper,io.cucumber.testng.FeatureWrapper)[pri:0, instance:runnerFile.runnerTestNG@45c7e403]" name="runScenario" class="io.cucumber.testng.AbstractTestNGCucumberTests"/>
      </group> <!-- cucumber -->
    </groups>
    <test started-at="2025-04-02T21:46:04 IST" name="Default test" finished-at="2025-04-02T21:47:00 IST" duration-ms="56643">
      <class name="runnerFile.runnerTestNG">
        <test-method is-config="true" signature="setUpClass(org.testng.ITestContext)[pri:0, instance:runnerFile.runnerTestNG@45c7e403]" started-at="2025-04-02T21:46:04 IST" name="setUpClass" finished-at="2025-04-02T21:46:04 IST" duration-ms="252" status="PASS">
          <params>
            <param index="0">
              <value>
                <![CDATA[org.testng.TestRunner@151bf776]]>
              </value>
            </param>
          </params>
          <reporter-output>
          </reporter-output>
        </test-method> <!-- setUpClass -->
        <test-method signature="runScenario(io.cucumber.testng.PickleWrapper,io.cucumber.testng.FeatureWrapper)[pri:0, instance:runnerFile.runnerTestNG@45c7e403]" started-at="2025-04-02T21:46:04 IST" name="runScenario" description="Runs Cucumber Scenarios" data-provider="scenarios" finished-at="2025-04-02T21:46:14 IST" duration-ms="10114" status="PASS">
          <params>
            <param index="0">
              <value>
                <![CDATA["Asserting the Quich Launch Options"]]>
              </value>
            </param>
            <param index="1">
              <value>
                <![CDATA["Login Testing for OrangeHRM website"]]>
              </value>
            </param>
          </params>
          <reporter-output>
          </reporter-output>
        </test-method> <!-- runScenario -->
        <test-method signature="runScenario(io.cucumber.testng.PickleWrapper,io.cucumber.testng.FeatureWrapper)[pri:0, instance:runnerFile.runnerTestNG@45c7e403]" started-at="2025-04-02T21:46:14 IST" name="runScenario" description="Runs Cucumber Scenarios" data-provider="scenarios" finished-at="2025-04-02T21:46:23 IST" duration-ms="8607" status="PASS">
          <params>
            <param index="0">
              <value>
                <![CDATA["Asserting the Quich Launch Options"]]>
              </value>
            </param>
            <param index="1">
              <value>
                <![CDATA["Login Testing for OrangeHRM website"]]>
              </value>
            </param>
          </params>
          <reporter-output>
          </reporter-output>
        </test-method> <!-- runScenario -->
        <test-method signature="runScenario(io.cucumber.testng.PickleWrapper,io.cucumber.testng.FeatureWrapper)[pri:0, instance:runnerFile.runnerTestNG@45c7e403]" started-at="2025-04-02T21:46:23 IST" name="runScenario" description="Runs Cucumber Scenarios" data-provider="scenarios" finished-at="2025-04-02T21:46:31 IST" duration-ms="8034" status="PASS">
          <params>
            <param index="0">
              <value>
                <![CDATA["Asserting the Quich Launch Options"]]>
              </value>
            </param>
            <param index="1">
              <value>
                <![CDATA["Login Testing for OrangeHRM website"]]>
              </value>
            </param>
          </params>
          <reporter-output>
          </reporter-output>
        </test-method> <!-- runScenario -->
        <test-method signature="runScenario(io.cucumber.testng.PickleWrapper,io.cucumber.testng.FeatureWrapper)[pri:0, instance:runnerFile.runnerTestNG@45c7e403]" started-at="2025-04-02T21:46:31 IST" name="runScenario" description="Runs Cucumber Scenarios" data-provider="scenarios" finished-at="2025-04-02T21:46:40 IST" duration-ms="9137" status="PASS">
          <params>
            <param index="0">
              <value>
                <![CDATA["Asserting the Quich Launch Options"]]>
              </value>
            </param>
            <param index="1">
              <value>
                <![CDATA["Login Testing for OrangeHRM website"]]>
              </value>
            </param>
          </params>
          <reporter-output>
          </reporter-output>
        </test-method> <!-- runScenario -->
        <test-method signature="runScenario(io.cucumber.testng.PickleWrapper,io.cucumber.testng.FeatureWrapper)[pri:0, instance:runnerFile.runnerTestNG@45c7e403]" started-at="2025-04-02T21:46:40 IST" name="runScenario" description="Runs Cucumber Scenarios" data-provider="scenarios" finished-at="2025-04-02T21:46:49 IST" duration-ms="9585" status="PASS">
          <params>
            <param index="0">
              <value>
                <![CDATA["Asserting the Quich Launch Options"]]>
              </value>
            </param>
            <param index="1">
              <value>
                <![CDATA["Login Testing for OrangeHRM website"]]>
              </value>
            </param>
          </params>
          <reporter-output>
          </reporter-output>
        </test-method> <!-- runScenario -->
        <test-method signature="runScenario(io.cucumber.testng.PickleWrapper,io.cucumber.testng.FeatureWrapper)[pri:0, instance:runnerFile.runnerTestNG@45c7e403]" started-at="2025-04-02T21:46:49 IST" name="runScenario" description="Runs Cucumber Scenarios" data-provider="scenarios" finished-at="2025-04-02T21:46:59 IST" duration-ms="10095" status="PASS">
          <params>
            <param index="0">
              <value>
                <![CDATA["Asserting the Quich Launch Options"]]>
              </value>
            </param>
            <param index="1">
              <value>
                <![CDATA["Login Testing for OrangeHRM website"]]>
              </value>
            </param>
          </params>
          <reporter-output>
          </reporter-output>
        </test-method> <!-- runScenario -->
        <test-method is-config="true" signature="tearDownClass()[pri:0, instance:runnerFile.runnerTestNG@45c7e403]" started-at="2025-04-02T21:47:00 IST" name="tearDownClass" finished-at="2025-04-02T21:47:00 IST" duration-ms="719" status="PASS">
          <reporter-output>
          </reporter-output>
        </test-method> <!-- tearDownClass -->
      </class> <!-- runnerFile.runnerTestNG -->
    </test> <!-- Default test -->
  </suite> <!-- Default suite -->
</testng-results>
