<?xml version="1.0" encoding="UTF-8"?>
<testng-results ignored="0" total="6" passed="6" failed="0" skipped="0">
  <reporter-output>
  </reporter-output>
  <suite started-at="2025-04-02T22:22:26 IST" name="Suite" finished-at="2025-04-02T22:23:24 IST" duration-ms="57332">
    <groups>
      <group name="cucumber">
        <method signature="AbstractTestNGCucumberTests.runScenario(io.cucumber.testng.PickleWrapper,io.cucumber.testng.FeatureWrapper)[pri:0, instance:runnerFile.runnerTestNG@45c7e403]" name="runScenario" class="io.cucumber.testng.AbstractTestNGCucumberTests"/>
      </group> <!-- cucumber -->
    </groups>
    <test started-at="2025-04-02T22:22:26 IST" name="Test" finished-at="2025-04-02T22:23:24 IST" duration-ms="57332">
      <class name="runnerFile.runnerTestNG">
        <test-method is-config="true" signature="setUpClass(org.testng.ITestContext)[pri:0, instance:runnerFile.runnerTestNG@45c7e403]" started-at="2025-04-02T22:22:26 IST" name="setUpClass" finished-at="2025-04-02T22:22:27 IST" duration-ms="305" status="PASS">
          <params>
            <param index="0">
              <value>
                <![CDATA[org.testng.TestRunner@151bf776]]>
              </value>
            </param>
          </params>
          <reporter-output>
          </reporter-output>
        </test-method> <!-- setUpClass -->
        <test-method signature="runScenario(io.cucumber.testng.PickleWrapper,io.cucumber.testng.FeatureWrapper)[pri:0, instance:runnerFile.runnerTestNG@45c7e403]" started-at="2025-04-02T22:22:27 IST" name="runScenario" description="Runs Cucumber Scenarios" data-provider="scenarios" finished-at="2025-04-02T22:22:36 IST" duration-ms="9180" status="PASS">
          <params>
            <param index="0">
              <value>
                <![CDATA["Asserting the Quick Launch Options"]]>
              </value>
            </param>
            <param index="1">
              <value>
                <![CDATA["Login Testing for OrangeHRM website"]]>
              </value>
            </param>
          </params>
          <reporter-output>
          </reporter-output>
        </test-method> <!-- runScenario -->
        <test-method signature="runScenario(io.cucumber.testng.PickleWrapper,io.cucumber.testng.FeatureWrapper)[pri:0, instance:runnerFile.runnerTestNG@45c7e403]" started-at="2025-04-02T22:22:36 IST" name="runScenario" description="Runs Cucumber Scenarios" data-provider="scenarios" finished-at="2025-04-02T22:22:44 IST" duration-ms="8613" status="PASS">
          <params>
            <param index="0">
              <value>
                <![CDATA["Asserting the Quick Launch Options"]]>
              </value>
            </param>
            <param index="1">
              <value>
                <![CDATA["Login Testing for OrangeHRM website"]]>
              </value>
            </param>
          </params>
          <reporter-output>
          </reporter-output>
        </test-method> <!-- runScenario -->
        <test-method signature="runScenario(io.cucumber.testng.PickleWrapper,io.cucumber.testng.FeatureWrapper)[pri:0, instance:runnerFile.runnerTestNG@45c7e403]" started-at="2025-04-02T22:22:44 IST" name="runScenario" description="Runs Cucumber Scenarios" data-provider="scenarios" finished-at="2025-04-02T22:22:56 IST" duration-ms="11149" status="PASS">
          <params>
            <param index="0">
              <value>
                <![CDATA["Asserting the Quick Launch Options"]]>
              </value>
            </param>
            <param index="1">
              <value>
                <![CDATA["Login Testing for OrangeHRM website"]]>
              </value>
            </param>
          </params>
          <reporter-output>
          </reporter-output>
        </test-method> <!-- runScenario -->
        <test-method signature="runScenario(io.cucumber.testng.PickleWrapper,io.cucumber.testng.FeatureWrapper)[pri:0, instance:runnerFile.runnerTestNG@45c7e403]" started-at="2025-04-02T22:22:56 IST" name="runScenario" description="Runs Cucumber Scenarios" data-provider="scenarios" finished-at="2025-04-02T22:23:05 IST" duration-ms="9309" status="PASS">
          <params>
            <param index="0">
              <value>
                <![CDATA["Asserting the Quick Launch Options"]]>
              </value>
            </param>
            <param index="1">
              <value>
                <![CDATA["Login Testing for OrangeHRM website"]]>
              </value>
            </param>
          </params>
          <reporter-output>
          </reporter-output>
        </test-method> <!-- runScenario -->
        <test-method signature="runScenario(io.cucumber.testng.PickleWrapper,io.cucumber.testng.FeatureWrapper)[pri:0, instance:runnerFile.runnerTestNG@45c7e403]" started-at="2025-04-02T22:23:05 IST" name="runScenario" description="Runs Cucumber Scenarios" data-provider="scenarios" finished-at="2025-04-02T22:23:14 IST" duration-ms="8885" status="PASS">
          <params>
            <param index="0">
              <value>
                <![CDATA["Asserting the Quick Launch Options"]]>
              </value>
            </param>
            <param index="1">
              <value>
                <![CDATA["Login Testing for OrangeHRM website"]]>
              </value>
            </param>
          </params>
          <reporter-output>
          </reporter-output>
        </test-method> <!-- runScenario -->
        <test-method signature="runScenario(io.cucumber.testng.PickleWrapper,io.cucumber.testng.FeatureWrapper)[pri:0, instance:runnerFile.runnerTestNG@45c7e403]" started-at="2025-04-02T22:23:14 IST" name="runScenario" description="Runs Cucumber Scenarios" data-provider="scenarios" finished-at="2025-04-02T22:23:23 IST" duration-ms="9502" status="PASS">
          <params>
            <param index="0">
              <value>
                <![CDATA["Asserting the Quick Launch Options"]]>
              </value>
            </param>
            <param index="1">
              <value>
                <![CDATA["Login Testing for OrangeHRM website"]]>
              </value>
            </param>
          </params>
          <reporter-output>
          </reporter-output>
        </test-method> <!-- runScenario -->
        <test-method is-config="true" signature="tearDownClass()[pri:0, instance:runnerFile.runnerTestNG@45c7e403]" started-at="2025-04-02T22:23:23 IST" name="tearDownClass" finished-at="2025-04-02T22:23:24 IST" duration-ms="309" status="PASS">
          <reporter-output>
          </reporter-output>
        </test-method> <!-- tearDownClass -->
      </class> <!-- runnerFile.runnerTestNG -->
    </test> <!-- Test -->
  </suite> <!-- Suite -->
</testng-results>
